{
  "uid" : "f9a516fce1b5e8b",
  "name" : "Putting price and sum from depth table into trade form -- @1.1 ",
  "historyId" : "0d123116bbb6029161ee79cd8a669f66",
  "time" : {
    "start" : 1602425063991,
    "stop" : 1602425064692,
    "duration" : 701
  },
  "status" : "failed",
  "statusMessage" : "AssertionError: \nExpected: <0.1552>\n     but: was <0.155>\n\n",
  "statusTrace" : "  File \"/opt/hostedtoolcache/Python/3.8.6/x64/lib/python3.8/site-packages/behave/model.py\", line 1329, in run\n    match.run(runner.context)\n  File \"/opt/hostedtoolcache/Python/3.8.6/x64/lib/python3.8/site-packages/behave/matchers.py\", line 98, in run\n    self.func(context, *args, **kwargs)\n  File \"task1/features/steps/step_exchange.py\", line 47, in step_check_price_in_form\n    assert_that(float(price), equal_to(float(context.price.replace(',', ''))))\n  File \"/opt/hostedtoolcache/Python/3.8.6/x64/lib/python3.8/site-packages/hamcrest/core/assert_that.py\", line 58, in assert_that\n    _assert_match(actual=actual, matcher=matcher, reason=reason)\n  File \"/opt/hostedtoolcache/Python/3.8.6/x64/lib/python3.8/site-packages/hamcrest/core/assert_that.py\", line 73, in _assert_match\n    raise AssertionError(description)\n",
  "flaky" : false,
  "newFailed" : false,
  "beforeStages" : [ ],
  "testStage" : {
    "status" : "failed",
    "statusMessage" : "AssertionError: \nExpected: <0.1552>\n     but: was <0.155>\n\n",
    "statusTrace" : "  File \"/opt/hostedtoolcache/Python/3.8.6/x64/lib/python3.8/site-packages/behave/model.py\", line 1329, in run\n    match.run(runner.context)\n  File \"/opt/hostedtoolcache/Python/3.8.6/x64/lib/python3.8/site-packages/behave/matchers.py\", line 98, in run\n    self.func(context, *args, **kwargs)\n  File \"task1/features/steps/step_exchange.py\", line 47, in step_check_price_in_form\n    assert_that(float(price), equal_to(float(context.price.replace(',', ''))))\n  File \"/opt/hostedtoolcache/Python/3.8.6/x64/lib/python3.8/site-packages/hamcrest/core/assert_that.py\", line 58, in assert_that\n    _assert_match(actual=actual, matcher=matcher, reason=reason)\n  File \"/opt/hostedtoolcache/Python/3.8.6/x64/lib/python3.8/site-packages/hamcrest/core/assert_that.py\", line 73, in _assert_match\n    raise AssertionError(description)\n",
    "steps" : [ {
      "name" : "Given I am on CRO/USDC trade page",
      "time" : {
        "start" : 1602425063992,
        "stop" : 1602425064064,
        "duration" : 72
      },
      "status" : "passed",
      "steps" : [ ],
      "attachments" : [ ],
      "parameters" : [ ],
      "stepsCount" : 0,
      "attachmentsCount" : 0,
      "shouldDisplayMessage" : false,
      "hasContent" : false
    }, {
      "name" : "When I click row \"1\" in depth table",
      "time" : {
        "start" : 1602425064065,
        "stop" : 1602425064514,
        "duration" : 449
      },
      "status" : "passed",
      "steps" : [ ],
      "attachments" : [ ],
      "parameters" : [ ],
      "stepsCount" : 0,
      "attachmentsCount" : 0,
      "shouldDisplayMessage" : false,
      "hasContent" : false
    }, {
      "name" : "Then I should see its price and sum put into \"sell\" trade form",
      "time" : {
        "start" : 1602425064514,
        "stop" : 1602425064692,
        "duration" : 178
      },
      "status" : "failed",
      "statusMessage" : "AssertionError: \nExpected: <0.1552>\n     but: was <0.155>\n\n",
      "statusTrace" : "  File \"/opt/hostedtoolcache/Python/3.8.6/x64/lib/python3.8/site-packages/behave/model.py\", line 1329, in run\n    match.run(runner.context)\n  File \"/opt/hostedtoolcache/Python/3.8.6/x64/lib/python3.8/site-packages/behave/matchers.py\", line 98, in run\n    self.func(context, *args, **kwargs)\n  File \"task1/features/steps/step_exchange.py\", line 47, in step_check_price_in_form\n    assert_that(float(price), equal_to(float(context.price.replace(',', ''))))\n  File \"/opt/hostedtoolcache/Python/3.8.6/x64/lib/python3.8/site-packages/hamcrest/core/assert_that.py\", line 58, in assert_that\n    _assert_match(actual=actual, matcher=matcher, reason=reason)\n  File \"/opt/hostedtoolcache/Python/3.8.6/x64/lib/python3.8/site-packages/hamcrest/core/assert_that.py\", line 73, in _assert_match\n    raise AssertionError(description)\n",
      "steps" : [ ],
      "attachments" : [ ],
      "parameters" : [ ],
      "stepsCount" : 0,
      "attachmentsCount" : 0,
      "shouldDisplayMessage" : true,
      "hasContent" : true
    } ],
    "attachments" : [ ],
    "parameters" : [ ],
    "stepsCount" : 3,
    "attachmentsCount" : 0,
    "shouldDisplayMessage" : false,
    "hasContent" : true
  },
  "afterStages" : [ ],
  "labels" : [ {
    "name" : "severity",
    "value" : "normal"
  }, {
    "name" : "feature",
    "value" : "Crypto.com Exchange"
  }, {
    "name" : "framework",
    "value" : "behave"
  }, {
    "name" : "language",
    "value" : "cpython3"
  }, {
    "name" : "resultFormat",
    "value" : "allure2"
  } ],
  "parameters" : [ {
    "name" : "buy/sell",
    "value" : "sell"
  }, {
    "name" : "row",
    "value" : "1"
  } ],
  "links" : [ ],
  "hidden" : false,
  "retry" : false,
  "extra" : {
    "severity" : "normal",
    "retries" : [ ],
    "categories" : [ {
      "name" : "Product defects",
      "matchedStatuses" : [ ],
      "flaky" : false
    } ],
    "tags" : [ ]
  },
  "source" : "f9a516fce1b5e8b.json",
  "parameterValues" : [ "sell", "1" ]
}